
> safestep-frontend-v2@0.0.0 server
> json-server --watch server/db.json --routes server/routes.json --port 3000


  \{^_^}/ hi!

  Loading server/db.json
  Loading server/routes.json
  Done

  Resources
  http://localhost:3000/identityAccess
  http://localhost:3000/medicalSimulations
  http://localhost:3000/gamification
  http://localhost:3000/ecommerce
  http://localhost:3000/statistics

  Other routes
  /api/v1/identity-access -> /identityAccess
  /api/v1/medical-simulations -> /medicalSimulations
  /api/v1/gamification -> /gamification
  /api/v1/ecommerce -> /ecommerce
  /api/v1/statistics -> /statistics
  /api/v1/* -> /$1

  Home
  http://localhost:3000

  Type s + enter at any time to create a snapshot of the database
  Watching...

[0mGET /statistics [32m200[0m 28.659 ms - 1855[0m
[0mGET /gamification [32m200[0m 24.810 ms - 1903[0m
[0mGET /medicalSimulations [32m200[0m 31.853 ms - 7465[0m
[0mGET /identityAccess [32m200[0m 6.726 ms - 827[0m
[0mGET /ecommerce [32m200[0m 19.217 ms - 2495[0m
[0mGET /statistics [32m200[0m 26.525 ms - 1855[0m
[0mGET /identityAccess [32m200[0m 16.904 ms - 827[0m
[0mGET /identityAccess [36m304[0m 20.647 ms - -[0m
[0mGET /identityAccess [36m304[0m 32.452 ms - -[0m
[0mGET /ecommerce [32m200[0m 32.194 ms - -[0m
[0mGET /statistics [32m200[0m 31.901 ms - -[0m
[0mGET /gamification [32m200[0m 31.424 ms - -[0m
[0mGET /medicalSimulations [32m200[0m 26.412 ms - -[0m
[0mGET /medicalSimulations [36m304[0m 29.610 ms - -[0m
[0mGET /medicalSimulations [36m304[0m 2.342 ms - -[0m
[0mGET /ecommerce [36m304[0m 21.151 ms - -[0m
[0mGET /identityAccess [32m200[0m 22.639 ms - 827[0m
[0mGET /identityAccess [36m304[0m 8.186 ms - -[0m
[0mGET /medicalSimulations [32m200[0m 9.947 ms - -[0m
[0mGET /gamification [32m200[0m 8.467 ms - -[0m
[0mGET /statistics [32m200[0m 9.406 ms - -[0m
[0mGET /ecommerce [32m200[0m 10.056 ms - -[0m
[0mGET /medicalSimulations [36m304[0m 27.470 ms - -[0m
[0mGET /medicalSimulations [36m304[0m 33.044 ms - -[0m
[0mGET /ecommerce [36m304[0m 34.910 ms - -[0m
[0mGET /statistics [36m304[0m 29.865 ms - -[0m
[0mGET /gamification [36m304[0m 23.801 ms - -[0m
[0mGET /ecommerce [36m304[0m 24.920 ms - -[0m
[0mGET /medicalSimulations [36m304[0m 22.069 ms - -[0m
[0mGET /ecommerce [36m304[0m 23.424 ms - -[0m
[0mGET /medicalSimulations [36m304[0m 30.578 ms - -[0m
[0mGET /identityAccess [36m304[0m 27.439 ms - -[0m
[0mGET /medicalSimulations [36m304[0m 28.821 ms - -[0m
[0mGET /gamification [36m304[0m 30.577 ms - -[0m
[0mGET /statistics [36m304[0m 32.703 ms - -[0m
[0mGET /ecommerce [36m304[0m 35.583 ms - -[0m
[0mGET /identityAccess [36m304[0m 21.430 ms - -[0m
[0mGET /identityAccess [36m304[0m 10.418 ms - -[0m
[0mGET /identityAccess [36m304[0m 3.466 ms - -[0m
[0mGET /medicalSimulations [36m304[0m 8.963 ms - -[0m
[0mGET /gamification [36m304[0m 6.917 ms - -[0m
[0mGET /statistics [36m304[0m 9.504 ms - -[0m
[0mGET /ecommerce [36m304[0m 28.299 ms - -[0m
[0mGET /medicalSimulations [36m304[0m 10.632 ms - -[0m
[0mGET /medicalSimulations [36m304[0m 33.231 ms - -[0m
[0mGET /ecommerce [36m304[0m 36.062 ms - -[0m
[0mGET /medicalSimulations [36m304[0m 26.736 ms - -[0m
[0mGET /medicalSimulations [36m304[0m 3.071 ms - -[0m
[0mGET /ecommerce [36m304[0m 10.045 ms - -[0m
[0mGET /statistics [36m304[0m 21.944 ms - -[0m
[0mGET /gamification [36m304[0m 28.288 ms - -[0m
[0mGET /ecommerce [36m304[0m 18.619 ms - -[0m
[0mGET /identityAccess [36m304[0m 3.108 ms - -[0m
[0mGET /identityAccess [36m304[0m 2.714 ms - -[0m
[0mGET /ecommerce [36m304[0m 4.405 ms - -[0m
[0mGET /medicalSimulations [36m304[0m 6.150 ms - -[0m
[0mGET /gamification [36m304[0m 7.777 ms - -[0m
[0mGET /statistics [36m304[0m 9.852 ms - -[0m
[0mGET /medicalSimulations [36m304[0m 22.752 ms - -[0m
[0mGET /ecommerce [36m304[0m 20.823 ms - -[0m
[0mGET /gamification [36m304[0m 30.244 ms - -[0m
[0mGET /medicalSimulations [36m304[0m 15.867 ms - -[0m
[0mGET /ecommerce [36m304[0m 19.031 ms - -[0m
[0mGET /medicalSimulations [36m304[0m 23.038 ms - -[0m
[0mGET /medicalSimulations [36m304[0m 18.899 ms - -[0m
[0mGET /ecommerce [36m304[0m 20.309 ms - -[0m
[0mGET /identityAccess [36m304[0m 5.244 ms - -[0m
[0mGET /medicalSimulations [36m304[0m 8.147 ms - -[0m
[0mGET /gamification [36m304[0m 6.827 ms - -[0m
[0mGET /ecommerce [36m304[0m 6.436 ms - -[0m
[0mGET /statistics [36m304[0m 5.499 ms - -[0m
[0mGET /identityAccess [36m304[0m 3.300 ms - -[0m
[0mGET /statistics [36m304[0m 18.641 ms - -[0m
[0mGET /identityAccess [36m304[0m 16.119 ms - -[0m
[0mGET /medicalSimulations [36m304[0m 32.738 ms - -[0m
[0mGET /ecommerce [36m304[0m 34.260 ms - -[0m
[0mGET /identityAccess [36m304[0m 14.335 ms - -[0m
[0mGET /identityAccess [36m304[0m 3.112 ms - -[0m
[0mGET /medicalSimulations [36m304[0m 4.388 ms - -[0m
[0mGET /gamification [36m304[0m 7.009 ms - -[0m
[0mGET /statistics [36m304[0m 9.316 ms - -[0m
[0mGET /ecommerce [36m304[0m 7.475 ms - -[0m
[0mGET /identityAccess [36m304[0m 32.252 ms - -[0m
[0mGET /identityAccess [36m304[0m 6.810 ms - -[0m
[0mGET /identityAccess [36m304[0m 25.393 ms - -[0m
[0mGET /medicalSimulations [36m304[0m 6.775 ms - -[0m
[0mGET /ecommerce [36m304[0m 26.229 ms - -[0m
[0mGET /identityAccess [36m304[0m 27.634 ms - -[0m
[0mGET /identityAccess [36m304[0m 5.607 ms - -[0m
[0mGET /medicalSimulations [36m304[0m 9.054 ms - -[0m
[0mGET /gamification [36m304[0m 18.036 ms - -[0m
[0mGET /statistics [36m304[0m 19.729 ms - -[0m
[0mGET /ecommerce [36m304[0m 22.156 ms - -[0m
[0mGET /identityAccess [36m304[0m 19.486 ms - -[0m
[0mGET /medicalSimulations [36m304[0m 5.404 ms - -[0m
[0mGET /ecommerce [36m304[0m 17.369 ms - -[0m
[0mGET /identityAccess [36m304[0m 28.426 ms - -[0m
[0mGET /identityAccess [36m304[0m 24.831 ms - -[0m
[0mGET /identityAccess [36m304[0m 3.343 ms - -[0m
[0mGET /medicalSimulations [36m304[0m 3.441 ms - -[0m
[0mGET /gamification [36m304[0m 5.385 ms - -[0m
[0mGET /statistics [36m304[0m 15.596 ms - -[0m
[0mGET /ecommerce [36m304[0m 16.650 ms - -[0m
[0mGET /identityAccess [36m304[0m 32.054 ms - -[0m
[0mGET /medicalSimulations [36m304[0m 9.723 ms - -[0m
[0mGET /ecommerce [36m304[0m 12.390 ms - -[0m
[0mGET /identityAccess [36m304[0m 21.476 ms - -[0m
[0mGET /identityAccess [36m304[0m 15.548 ms - -[0m
[0mGET /identityAccess [36m304[0m 7.284 ms - -[0m
[0mGET /medicalSimulations [36m304[0m 10.313 ms - -[0m
[0mGET /gamification [36m304[0m 10.747 ms - -[0m
[0mGET /statistics [36m304[0m 11.154 ms - -[0m
[0mGET /ecommerce [36m304[0m 12.400 ms - -[0m
[0mGET /identityAccess [36m304[0m 32.291 ms - -[0m
[0mGET /identityAccess [36m304[0m 30.375 ms - -[0m
[0mGET /medicalSimulations [36m304[0m 23.560 ms - -[0m
[0mGET /ecommerce [36m304[0m 25.288 ms - -[0m
[0mGET /identityAccess [36m304[0m 6.452 ms - -[0m
[0mGET /identityAccess [36m304[0m 4.466 ms - -[0m
[0mGET /medicalSimulations [36m304[0m 3.933 ms - -[0m
[0mGET /gamification [36m304[0m 6.793 ms - -[0m
[0mGET /statistics [36m304[0m 7.876 ms - -[0m
[0mGET /ecommerce [36m304[0m 8.864 ms - -[0m
[0mGET /identityAccess [36m304[0m 27.389 ms - -[0m
[0mGET /medicalSimulations [36m304[0m 2.906 ms - -[0m
[0mGET /ecommerce [36m304[0m 28.093 ms - -[0m
[0mGET /identityAccess [36m304[0m 21.605 ms - -[0m
[0mGET /identityAccess [36m304[0m 32.777 ms - -[0m
[0mGET /identityAccess [36m304[0m 5.465 ms - -[0m
[0mGET /medicalSimulations [36m304[0m 7.288 ms - -[0m
[0mGET /gamification [36m304[0m 6.012 ms - -[0m
[0mGET /statistics [36m304[0m 8.923 ms - -[0m
[0mGET /ecommerce [36m304[0m 11.698 ms - -[0m
[0mGET /medicalSimulations [36m304[0m 31.567 ms - -[0m
[0mGET /medicalSimulations [36m304[0m 7.521 ms - -[0m
[0mGET /ecommerce [36m304[0m 8.275 ms - -[0m
[0mGET /gamification [36m304[0m 27.693 ms - -[0m
[0mGET /statistics [36m304[0m 20.376 ms - -[0m
[0mGET /identityAccess [36m304[0m 29.760 ms - -[0m
[0mGET /medicalSimulations [36m304[0m 8.923 ms - -[0m
[0mGET /ecommerce [36m304[0m 13.082 ms - -[0m
[0mGET /identityAccess [36m304[0m 23.881 ms - -[0m
[0mGET /identityAccess [36m304[0m 25.193 ms - -[0m
[0mGET /statistics [36m304[0m 28.406 ms - -[0m
[0mGET /identityAccess [36m304[0m 3.545 ms - -[0m
[0mGET /medicalSimulations [36m304[0m 4.678 ms - -[0m
[0mGET /gamification [36m304[0m 5.959 ms - -[0m
[0mGET /statistics [36m304[0m 7.932 ms - -[0m
[0mGET /ecommerce [36m304[0m 10.399 ms - -[0m
[0mGET /medicalSimulations [36m304[0m 25.795 ms - -[0m
[0mGET /ecommerce [36m304[0m 20.789 ms - -[0m
[0mGET /gamification [36m304[0m 29.160 ms - -[0m
[0mGET /identityAccess [36m304[0m 22.983 ms - -[0m
[0mGET /gamification [36m304[0m 28.098 ms - -[0m
  server/db.json has changed, reloading...

  Loading server/db.json
  server/db.json has changed, reloading...
  Loading server/routes.json
  Done

  Resources
  http://localhost:3000/identityAccess
  http://localhost:3000/medicalSimulations
  http://localhost:3000/gamification
  http://localhost:3000/ecommerce
  http://localhost:3000/statistics

  Other routes
  /api/v1/identity-access -> /identityAccess
  /api/v1/medical-simulations -> /medicalSimulations
  /api/v1/gamification -> /gamification
  /api/v1/ecommerce -> /ecommerce
  /api/v1/statistics -> /statistics
  /api/v1/* -> /$1

  Home
  http://localhost:3000

[0mGET /medicalSimulations [32m200[0m 28.456 ms - 81906[0m
[0mGET /ecommerce [32m200[0m 30.999 ms - 30649[0m
[0mGET /gamification [32m200[0m 17.232 ms - 11290[0m
[0mGET /identityAccess [32m200[0m 24.120 ms - -[0m
[0mGET /gamification [32m200[0m 21.449 ms - -[0m
[0mGET /medicalSimulations [32m200[0m 14.703 ms - -[0m
[0mGET /medicalSimulations [36m304[0m 4.482 ms - -[0m
[0mGET /ecommerce [32m200[0m 3.159 ms - -[0m
[0mGET /medicalSimulations [36m304[0m 21.072 ms - -[0m
[0mGET /medicalSimulations [36m304[0m 33.557 ms - -[0m
[0mGET /ecommerce [36m304[0m 35.123 ms - -[0m
[0mGET /ecommerce [36m304[0m 31.670 ms - -[0m
[0mGET /gamification [36m304[0m 25.673 ms - -[0m
[0mGET /ecommerce [36m304[0m 18.578 ms - -[0m
[0mGET /gamification [36m304[0m 24.280 ms - -[0m
[0mGET /statistics [32m200[0m 20.473 ms - -[0m
[0mGET /medicalSimulations [36m304[0m 3.177 ms - -[0m
[0mGET /ecommerce [36m304[0m 17.357 ms - -[0m
[0mGET /medicalSimulations [36m304[0m 18.352 ms - -[0m
[0mGET /identityAccess [36m304[0m 6.467 ms - -[0m
[0mGET /medicalSimulations [36m304[0m 8.848 ms - -[0m
[0mGET /gamification [36m304[0m 35.338 ms - -[0m
[0mGET /statistics [36m304[0m 38.549 ms - -[0m
[0mGET /ecommerce [36m304[0m 37.946 ms - -[0m
[0mGET /gamification [36m304[0m 30.484 ms - -[0m
[0mGET /ecommerce [36m304[0m 22.735 ms - -[0m
  server/db.json has changed, reloading...

  Loading server/db.json
  server/db.json has changed, reloading...
  Loading server/routes.json
  Done

  Resources
  http://localhost:3000/identityAccess
  http://localhost:3000/medicalSimulations
  http://localhost:3000/gamification
  http://localhost:3000/ecommerce
  http://localhost:3000/statistics

  Other routes
  /api/v1/identity-access -> /identityAccess
  /api/v1/medical-simulations -> /medicalSimulations
  /api/v1/gamification -> /gamification
  /api/v1/ecommerce -> /ecommerce
  /api/v1/statistics -> /statistics
  /api/v1/* -> /$1

  Home
  http://localhost:3000

  server/routes.json has changed, reloading...

  Loading server/db.json
  Loading server/routes.json
  Done

  Resources
  http://localhost:3000/identityAccess
  http://localhost:3000/medicalSimulations
  http://localhost:3000/gamification
  http://localhost:3000/ecommerce
  http://localhost:3000/statistics

  Other routes
  /api/v1/identity-access -> /identityAccess
  /api/v1/medical-simulations -> /medicalSimulations
  /api/v1/gamification -> /gamification
  /api/v1/ecommerce -> /ecommerce
  /api/v1/statistics -> /statistics
  /api/v1/* -> /$1

  Home
  http://localhost:3000

[0mGET /identityAccess [32m200[0m 31.404 ms - -[0m
[0mGET /identityAccess [32m200[0m 19.022 ms - -[0m
[0mGET /medicalSimulations [32m200[0m 4.104 ms - -[0m
[0mGET /ecommerce [32m200[0m 17.295 ms - -[0m
[0mGET /identityAccess [32m200[0m 31.635 ms - -[0m
[0mGET /ecommerce [32m200[0m 13.860 ms - -[0m
[0mGET /identityAccess [36m304[0m 31.887 ms - -[0m
[0mGET /medicalSimulations [36m304[0m 26.074 ms - -[0m
[0mGET /ecommerce [36m304[0m 29.376 ms - -[0m
[0mGET /identityAccess [36m304[0m 19.588 ms - -[0m
[0mGET /identityAccess [36m304[0m 19.199 ms - -[0m
[0mGET /ecommerce [36m304[0m 22.027 ms - -[0m
[0mGET /identityAccess [36m304[0m 15.595 ms - -[0m
[0mGET /medicalSimulations [36m304[0m 17.707 ms - -[0m
[0mGET /ecommerce [36m304[0m 20.604 ms - -[0m
[0mGET /identityAccess [36m304[0m 27.134 ms - -[0m
[0mGET /ecommerce [36m304[0m 20.448 ms - -[0m
[0mGET /identityAccess [36m304[0m 14.462 ms - -[0m
[0mGET /medicalSimulations [32m200[0m 19.569 ms - 97191[0m
[0mGET /gamification [32m200[0m 26.417 ms - 33165[0m
[0mGET /ecommerce [32m200[0m 26.055 ms - 40104[0m
[0mGET /identityAccess [32m200[0m 19.941 ms - 7482[0m
[0mGET /identityAccess [36m304[0m 9.646 ms - -[0m
[0mGET /ecommerce [36m304[0m 20.791 ms - -[0m
[0mGET /identityAccess [36m304[0m 3.107 ms - -[0m
[0mGET /medicalSimulations [32m200[0m 6.578 ms - -[0m
[0mGET /ecommerce [36m304[0m 12.305 ms - -[0m
[0mGET /statistics [32m200[0m 11.079 ms - -[0m
[0mGET /gamification [32m200[0m 10.165 ms - -[0m
[0mGET /ecommerce [36m304[0m 33.643 ms - -[0m
[0mGET /gamification [36m304[0m 29.133 ms - -[0m
[0mGET /ecommerce [36m304[0m 27.314 ms - -[0m
[0mGET /gamification [36m304[0m 31.027 ms - -[0m
[0mGET /ecommerce [36m304[0m 28.407 ms - -[0m
[0mGET /gamification [36m304[0m 13.725 ms - -[0m
[0mGET /ecommerce [36m304[0m 23.914 ms - -[0m
[0mGET /gamification [36m304[0m 22.589 ms - -[0m
[0mGET /ecommerce [36m304[0m 29.506 ms - -[0m
[0mGET /gamification [36m304[0m 33.704 ms - -[0m
[0mGET /statistics [36m304[0m 6.755 ms - -[0m
[0mGET /medicalSimulations [36m304[0m 20.396 ms - -[0m
[0mGET /medicalSimulations [36m304[0m 22.462 ms - -[0m
[0mGET /medicalSimulations [36m304[0m 23.953 ms - -[0m
[0mGET /medicalSimulations [36m304[0m 12.331 ms - -[0m
[0mGET /medicalSimulations [36m304[0m 29.883 ms - -[0m
[0mGET /medicalSimulations [36m304[0m 23.895 ms - -[0m
[0mGET /medicalSimulations [36m304[0m 27.425 ms - -[0m
[0mGET /ecommerce [36m304[0m 31.258 ms - -[0m
[0mGET /medicalSimulations [36m304[0m 33.931 ms - -[0m
[0mGET /medicalSimulations [36m304[0m 15.622 ms - -[0m
[0mGET /identityAccess [36m304[0m 5.460 ms - -[0m
[0mGET /medicalSimulations [36m304[0m 6.886 ms - -[0m
[0mGET /gamification [36m304[0m 10.698 ms - -[0m
[0mGET /statistics [36m304[0m 11.956 ms - -[0m
[0mGET /ecommerce [36m304[0m 14.220 ms - -[0m
[0mGET /medicalSimulations [36m304[0m 19.689 ms - -[0m
[0mGET /identityAccess [36m304[0m 18.816 ms - -[0m
[0mGET /medicalSimulations [36m304[0m 20.907 ms - -[0m
[0mGET /gamification [36m304[0m 23.546 ms - -[0m
[0mGET /statistics [36m304[0m 25.416 ms - -[0m
[0mGET /ecommerce [36m304[0m 28.756 ms - -[0m
[0mGET /ecommerce [36m304[0m 33.288 ms - -[0m
[0mGET /medicalSimulations [36m304[0m 19.752 ms - -[0m
[0mGET /medicalSimulations [36m304[0m 26.081 ms - -[0m
[0mGET /medicalSimulations [36m304[0m 29.461 ms - -[0m
[0mGET /gamification [36m304[0m 20.017 ms - -[0m
[0mGET /medicalSimulations [36m304[0m 24.233 ms - -[0m
[0mGET /statistics [36m304[0m 29.911 ms - -[0m
[0mGET /medicalSimulations [36m304[0m 21.433 ms - -[0m
[0mGET /medicalSimulations [36m304[0m 18.403 ms - -[0m
[0mGET /ecommerce [36m304[0m 19.417 ms - -[0m
[0mGET /ecommerce [36m304[0m 18.351 ms - -[0m
[0mGET /medicalSimulations [36m304[0m 18.610 ms - -[0m
[0mGET /medicalSimulations [36m304[0m 31.995 ms - -[0m
[0mGET /identityAccess [36m304[0m 27.636 ms - -[0m
[0mGET /identityAccess [36m304[0m 16.807 ms - -[0m
[0mGET /medicalSimulations [36m304[0m 20.603 ms - -[0m
[0mGET /gamification [36m304[0m 22.981 ms - -[0m
[0mGET /statistics [36m304[0m 24.715 ms - -[0m
[0mGET /ecommerce [36m304[0m 26.876 ms - -[0m
[0mGET /identityAccess [36m304[0m 30.619 ms - -[0m
[0mGET /identityAccess [36m304[0m 5.425 ms - -[0m
[0mGET /medicalSimulations [36m304[0m 28.896 ms - -[0m
[0mGET /gamification [36m304[0m 32.252 ms - -[0m
[0mGET /statistics [36m304[0m 34.559 ms - -[0m
[0mGET /ecommerce [36m304[0m 34.698 ms - -[0m
[0mGET /medicalSimulations [36m304[0m 23.668 ms - -[0m
[0mGET /medicalSimulations [36m304[0m 3.572 ms - -[0m
[0mGET /ecommerce [36m304[0m 7.320 ms - -[0m
[0mGET /ecommerce [36m304[0m 25.049 ms - -[0m
[0mGET /identityAccess [36m304[0m 3.617 ms - -[0m
[0mGET /medicalSimulations [36m304[0m 5.532 ms - -[0m
[0mGET /gamification [36m304[0m 6.454 ms - -[0m
[0mGET /statistics [36m304[0m 6.037 ms - -[0m
[0mGET /ecommerce [36m304[0m 8.264 ms - -[0m
[0mGET /ecommerce [36m304[0m 14.361 ms - -[0m
  server/db.json has changed, reloading...

  Loading server/db.json
  server/db.json has changed, reloading...
  Loading server/routes.json
  Done

  Resources
  http://localhost:3000/identityAccess
  http://localhost:3000/medicalSimulations
  http://localhost:3000/gamification
  http://localhost:3000/ecommerce
  http://localhost:3000/statistics

  Other routes
  /api/v1/identity-access -> /identityAccess
  /api/v1/medical-simulations -> /medicalSimulations
  /api/v1/gamification -> /gamification
  /api/v1/ecommerce -> /ecommerce
  /api/v1/statistics -> /statistics
  /api/v1/* -> /$1

  Home
  http://localhost:3000

[0mGET /identityAccess [36m304[0m 19.237 ms - -[0m
[0mGET /ecommerce [36m304[0m 13.518 ms - -[0m
[0mGET /medicalSimulations [32m200[0m 12.979 ms - -[0m
[0mGET /identityAccess [36m304[0m 29.821 ms - -[0m
[0mGET /ecommerce [36m304[0m 31.332 ms - -[0m
[0mGET /identityAccess [36m304[0m 4.146 ms - -[0m
[0mGET /identityAccess [36m304[0m 20.340 ms - -[0m
[0mGET /identityAccess [36m304[0m 20.245 ms - -[0m
[0mGET /medicalSimulations [36m304[0m 14.231 ms - -[0m
[0mGET /ecommerce [36m304[0m 17.692 ms - -[0m
[0mGET /identityAccess [36m304[0m 22.649 ms - -[0m
[0mGET /ecommerce [36m304[0m 24.992 ms - -[0m
[0mGET /identityAccess [36m304[0m 24.738 ms - -[0m
[0mGET /medicalSimulations [36m304[0m 5.385 ms - -[0m
[0mGET /ecommerce [36m304[0m 7.877 ms - -[0m
[0mGET /identityAccess [36m304[0m 12.791 ms - -[0m
[0mGET /gamification [32m200[0m 7.843 ms - -[0m
[0mGET /identityAccess [36m304[0m 29.893 ms - -[0m
[0mGET /identityAccess [36m304[0m 2.672 ms - -[0m
[0mGET /ecommerce [36m304[0m 28.504 ms - -[0m
[0mGET /identityAccess [36m304[0m 26.110 ms - -[0m
[0mGET /ecommerce [36m304[0m 20.057 ms - -[0m
[0mGET /identityAccess [36m304[0m 25.553 ms - -[0m
[0mGET /ecommerce [36m304[0m 21.531 ms - -[0m
[0mGET /identityAccess [36m304[0m 32.716 ms - -[0m
[0mGET /medicalSimulations [32m200[0m 32.764 ms - -[0m
[0mGET /medicalSimulations [36m304[0m 30.334 ms - -[0m
[0mGET /gamification [32m200[0m 24.157 ms - -[0m
[0mGET /identityAccess [36m304[0m 22.604 ms - -[0m
[0mGET /gamification [36m304[0m 28.440 ms - -[0m
[0mGET /identityAccess [36m304[0m 27.167 ms - -[0m
[0mGET /medicalSimulations [36m304[0m 10.621 ms - -[0m
[0mGET /ecommerce [36m304[0m 15.617 ms - -[0m
[0mGET /identityAccess [36m304[0m 26.367 ms - -[0m
[0mGET /gamification [36m304[0m 24.118 ms - -[0m
[0mGET /identityAccess [36m304[0m 16.422 ms - -[0m
[0mGET /ecommerce [36m304[0m 31.436 ms - -[0m
[0mGET /identityAccess [36m304[0m 21.731 ms - -[0m
[0mGET /medicalSimulations [36m304[0m 4.356 ms - -[0m
[0mGET /ecommerce [36m304[0m 7.404 ms - -[0m
[0mGET /identityAccess [36m304[0m 5.984 ms - -[0m
[0mGET /gamification [36m304[0m 7.558 ms - -[0m
[0mGET /identityAccess [36m304[0m 20.213 ms - -[0m
[0mGET /ecommerce [36m304[0m 2.571 ms - -[0m
[0mGET /identityAccess [36m304[0m 29.936 ms - -[0m
[0mGET /identityAccess [36m304[0m 21.398 ms - -[0m
[0mGET /gamification [36m304[0m 30.067 ms - -[0m
[0mGET /statistics [36m304[0m 23.865 ms - -[0m
[0mGET /medicalSimulations [36m304[0m 14.915 ms - -[0m
[0mGET /identityAccess [36m304[0m 19.482 ms - -[0m
[0mGET /identityAccess [36m304[0m 16.417 ms - -[0m
[0mGET /gamification [32m200[0m 14.637 ms - -[0m
[0mGET /medicalSimulations [32m200[0m 12.967 ms - -[0m
[0mGET /statistics [32m200[0m 17.642 ms - -[0m
[0mGET /ecommerce [32m200[0m 16.651 ms - -[0m
[0mGET /ecommerce [36m304[0m 20.804 ms - -[0m
[0mGET /identityAccess [36m304[0m 23.099 ms - -[0m
[0mGET /identityAccess [32m200[0m 19.963 ms - 7482[0m
[0mGET /identityAccess [36m304[0m 27.747 ms - -[0m
[0mGET /identityAccess [36m304[0m 25.505 ms - -[0m
[0mGET /ecommerce [36m304[0m 27.635 ms - -[0m
[0mGET /identityAccess [36m304[0m 15.416 ms - -[0m
[0mGET /medicalSimulations [36m304[0m 18.155 ms - -[0m
[0mGET /gamification [36m304[0m 23.196 ms - -[0m
[0mGET /statistics [36m304[0m 24.287 ms - -[0m
[0mGET /ecommerce [36m304[0m 24.500 ms - -[0m
[0mGET /medicalSimulations [36m304[0m 19.228 ms - -[0m
[0mGET /medicalSimulations [36m304[0m 11.287 ms - -[0m
[0mGET /identityAccess [36m304[0m 6.941 ms - -[0m
[0mGET /medicalSimulations [36m304[0m 7.475 ms - -[0m
[0mGET /gamification [36m304[0m 8.813 ms - -[0m
[0mGET /statistics [36m304[0m 11.111 ms - -[0m
[0mGET /ecommerce [36m304[0m 14.440 ms - -[0m
[0mGET /ecommerce [36m304[0m 11.415 ms - -[0m
[0mGET /identityAccess [36m304[0m 11.805 ms - -[0m
[0mGET /medicalSimulations [36m304[0m 22.361 ms - -[0m
[0mGET /medicalSimulations [36m304[0m 5.811 ms - -[0m
[0mGET /ecommerce [36m304[0m 8.680 ms - -[0m
[0mGET /identityAccess [36m304[0m 11.142 ms - -[0m
[0mGET /gamification [36m304[0m 12.217 ms - -[0m
[0mPATCH /identityAccess [32m200[0m 54.971 ms - -[0m
[0mPATCH /gamification [32m200[0m 16.690 ms - -[0m
  server/db.json has changed, reloading...

  Loading server/db.json
  server/db.json has changed, reloading...
  Loading server/routes.json
  Done

  Resources
  http://localhost:3000/identityAccess
  http://localhost:3000/medicalSimulations
  http://localhost:3000/gamification
  http://localhost:3000/ecommerce
  http://localhost:3000/statistics

  Other routes
  /api/v1/identity-access -> /identityAccess
  /api/v1/medical-simulations -> /medicalSimulations
  /api/v1/gamification -> /gamification
  /api/v1/ecommerce -> /ecommerce
  /api/v1/statistics -> /statistics
  /api/v1/* -> /$1

  Home
  http://localhost:3000

  server/db.json has changed, reloading...

  Loading server/db.json
  server/db.json has changed, reloading...
  Loading server/routes.json
  Done

  Resources
  http://localhost:3000/identityAccess
  http://localhost:3000/medicalSimulations
  http://localhost:3000/gamification
  http://localhost:3000/ecommerce
  http://localhost:3000/statistics

  Other routes
  /api/v1/identity-access -> /identityAccess
  /api/v1/medical-simulations -> /medicalSimulations
  /api/v1/gamification -> /gamification
  /api/v1/ecommerce -> /ecommerce
  /api/v1/statistics -> /statistics
  /api/v1/* -> /$1

  Home
  http://localhost:3000

[0mGET /medicalSimulations [36m304[0m 19.493 ms - -[0m
[0mGET /medicalSimulations [36m304[0m 31.737 ms - -[0m
[0mGET /ecommerce [36m304[0m 34.175 ms - -[0m
[0mGET /identityAccess [32m200[0m 35.711 ms - -[0m
[0mGET /gamification [32m200[0m 37.422 ms - -[0m
[0mPATCH /identityAccess [32m200[0m 15.047 ms - -[0m
[0mPATCH /gamification [32m200[0m 15.924 ms - -[0m
  server/db.json has changed, reloading...

  Loading server/db.json
  server/db.json has changed, reloading...
  Loading server/routes.json
  Done

  Resources
  http://localhost:3000/identityAccess
  http://localhost:3000/medicalSimulations
  http://localhost:3000/gamification
  http://localhost:3000/ecommerce
  http://localhost:3000/statistics

  Other routes
  /api/v1/identity-access -> /identityAccess
  /api/v1/medical-simulations -> /medicalSimulations
  /api/v1/gamification -> /gamification
  /api/v1/ecommerce -> /ecommerce
  /api/v1/statistics -> /statistics
  /api/v1/* -> /$1

  Home
  http://localhost:3000

  server/db.json has changed, reloading...

  Loading server/db.json
  server/db.json has changed, reloading...
  Loading server/routes.json
  Done

  Resources
  http://localhost:3000/identityAccess
  http://localhost:3000/medicalSimulations
  http://localhost:3000/gamification
  http://localhost:3000/ecommerce
  http://localhost:3000/statistics

  Other routes
  /api/v1/identity-access -> /identityAccess
  /api/v1/medical-simulations -> /medicalSimulations
  /api/v1/gamification -> /gamification
  /api/v1/ecommerce -> /ecommerce
  /api/v1/statistics -> /statistics
  /api/v1/* -> /$1

  Home
  http://localhost:3000

[0mGET /ecommerce [36m304[0m 7.264 ms - -[0m
[0mGET /identityAccess [32m200[0m 8.598 ms - -[0m
[0mGET /medicalSimulations [36m304[0m 30.991 ms - -[0m
[0mGET /gamification [32m200[0m 3.768 ms - -[0m
[0mGET /identityAccess [36m304[0m 11.497 ms - -[0m
[0mGET /medicalSimulations [36m304[0m 14.574 ms - -[0m
[0mGET /statistics [36m304[0m 16.348 ms - -[0m
[0mGET /ecommerce [36m304[0m 18.440 ms - -[0m
[0mGET /medicalSimulations [36m304[0m 7.929 ms - -[0m
[0mGET /medicalSimulations [36m304[0m 30.221 ms - -[0m
[0mGET /statistics [36m304[0m 18.834 ms - -[0m
[0mGET /gamification [36m304[0m 30.566 ms - -[0m
[0mGET /ecommerce [36m304[0m 3.252 ms - -[0m
[0mGET /identityAccess [36m304[0m 29.263 ms - -[0m
[0mGET /medicalSimulations [36m304[0m 22.154 ms - -[0m
[0mGET /ecommerce [36m304[0m 4.658 ms - -[0m
[0mGET /identityAccess [36m304[0m 7.602 ms - -[0m
[0mGET /medicalSimulations [36m304[0m 31.043 ms - -[0m
[0mGET /identityAccess [36m304[0m 27.073 ms - -[0m
[0mGET /ecommerce [36m304[0m 28.470 ms - -[0m
[0mGET /statistics [36m304[0m 25.928 ms - -[0m
[0mGET /medicalSimulations [36m304[0m 30.340 ms - -[0m
[0mGET /identityAccess [32m200[0m 28.066 ms - -[0m
[0mGET /medicalSimulations [36m304[0m 19.455 ms - -[0m
[0mGET /ecommerce [36m304[0m 29.459 ms - -[0m
[0mGET /identityAccess [36m304[0m 32.966 ms - -[0m
[0mGET /gamification [32m200[0m 31.502 ms - -[0m
[0mGET /identityAccess [32m200[0m 27.619 ms - -[0m
[0mGET /identityAccess [36m304[0m 8.652 ms - -[0m
[0mGET /medicalSimulations [36m304[0m 20.139 ms - -[0m
[0mGET /statistics [36m304[0m 17.984 ms - -[0m
[0mGET /ecommerce [36m304[0m 19.831 ms - -[0m
[0mGET /gamification [32m200[0m 22.552 ms - -[0m
[0mGET /ecommerce [36m304[0m 11.288 ms - -[0m
[0mGET /identityAccess [36m304[0m 15.775 ms - -[0m
[0mGET /identityAccess [36m304[0m 8.715 ms - -[0m
[0mGET /medicalSimulations [36m304[0m 32.000 ms - -[0m
[0mGET /ecommerce [36m304[0m 5.787 ms - -[0m
[0mGET /identityAccess [36m304[0m 23.591 ms - -[0m
[0mGET /identityAccess [36m304[0m 21.222 ms - -[0m
[0mGET /ecommerce [36m304[0m 20.493 ms - -[0m
[0mGET /identityAccess [36m304[0m 23.395 ms - -[0m
[0mGET /identityAccess [36m304[0m 29.441 ms - -[0m
[0mGET /medicalSimulations [36m304[0m 2.831 ms - -[0m
[0mGET /ecommerce [36m304[0m 12.641 ms - -[0m
[0mGET /identityAccess [36m304[0m 17.194 ms - -[0m
[0mGET /gamification [36m304[0m 22.997 ms - -[0m
[0mGET /identityAccess [36m304[0m 19.083 ms - -[0m
[0mGET /identityAccess [36m304[0m 13.925 ms - -[0m
[0mGET /ecommerce [36m304[0m 20.120 ms - -[0m
[0mGET /identityAccess [36m304[0m 24.644 ms - -[0m
[0mGET /ecommerce [36m304[0m 13.795 ms - -[0m
[0mGET /identityAccess [36m304[0m 15.141 ms - -[0m
[0mGET /identityAccess [36m304[0m 19.457 ms - -[0m
[0mGET /medicalSimulations [36m304[0m 5.784 ms - -[0m
[0mGET /ecommerce [36m304[0m 7.297 ms - -[0m
[0mGET /identityAccess [36m304[0m 8.290 ms - -[0m
[0mGET /gamification [36m304[0m 17.903 ms - -[0m
[0mGET /identityAccess [36m304[0m 27.105 ms - -[0m
[0mGET /ecommerce [36m304[0m 24.201 ms - -[0m
[0mGET /identityAccess [36m304[0m 25.103 ms - -[0m
[0mGET /identityAccess [36m304[0m 13.973 ms - -[0m
[0mGET /ecommerce [36m304[0m 5.181 ms - -[0m
[0mGET /identityAccess [36m304[0m 4.388 ms - -[0m
[0mGET /identityAccess [36m304[0m 23.103 ms - -[0m
[0mGET /ecommerce [36m304[0m 4.080 ms - -[0m
[0mGET /identityAccess [36m304[0m 3.051 ms - -[0m
[0mGET /gamification [36m304[0m 15.230 ms - -[0m
[0mGET /statistics [36m304[0m 25.320 ms - -[0m
[0mGET /medicalSimulations [36m304[0m 25.175 ms - -[0m
[0mGET /medicalSimulations [36m304[0m 21.225 ms - -[0m
[0mGET /identityAccess [36m304[0m 3.262 ms - -[0m
[0mGET /medicalSimulations [36m304[0m 4.829 ms - -[0m
[0mGET /gamification [36m304[0m 27.231 ms - -[0m
[0mGET /statistics [36m304[0m 28.449 ms - -[0m
[0mGET /ecommerce [36m304[0m 29.895 ms - -[0m
[0mGET /ecommerce [36m304[0m 22.575 ms - -[0m
[0mGET /identityAccess [36m304[0m 23.324 ms - -[0m
[0mGET /identityAccess [36m304[0m 27.394 ms - -[0m
[0mGET /ecommerce [36m304[0m 6.100 ms - -[0m
[0mGET /identityAccess [36m304[0m 15.560 ms - -[0m
[0mGET /gamification [36m304[0m 34.553 ms - -[0m
[0mGET /statistics [36m304[0m 19.894 ms - -[0m
[0mGET /medicalSimulations [36m304[0m 32.556 ms - -[0m
[0mGET /medicalSimulations [36m304[0m 33.236 ms - -[0m
[0mGET /statistics [36m304[0m 29.029 ms - -[0m
[0mGET /identityAccess [36m304[0m 9.555 ms - -[0m
[0mGET /medicalSimulations [36m304[0m 12.507 ms - -[0m
[0mGET /gamification [36m304[0m 14.225 ms - -[0m
[0mGET /statistics [36m304[0m 15.917 ms - -[0m
[0mGET /ecommerce [36m304[0m 16.329 ms - -[0m
[0mGET /medicalSimulations [36m304[0m 10.797 ms - -[0m
[0mGET /ecommerce [36m304[0m 12.525 ms - -[0m
[0mGET /identityAccess [36m304[0m 13.764 ms - -[0m
[0mGET /gamification [36m304[0m 15.777 ms - -[0m
[0mGET /gamification [36m304[0m 34.352 ms - -[0m
[0mGET /ecommerce [36m304[0m 16.618 ms - -[0m
[0mGET /identityAccess [36m304[0m 19.305 ms - -[0m
[0mGET /medicalSimulations [36m304[0m 4.736 ms - -[0m
