
> safestep-frontend-v2@0.0.0 start
> ng serve --port 4300

[33m>[39m Building...
[32m√[39m Building...
[1mInitial chunk files[22m[2m | [22m[1mNames[22m                    [2m | [22m [1mRaw size[22m
[32mmain.js[39m            [2m | [22m[2mmain[22m                     [2m | [22m [36m26.44 kB[39m[2m | [22m
[32mstyles.css[39m         [2m | [22m[2mstyles[22m                   [2m | [22m [36m10.07 kB[39m[2m | [22m
[32mchunk-ORHIYUNJ.js[39m  [2m | [22m[2m-[22m                        [2m | [22m  [36m1.30 kB[39m[2m | [22m
[32mchunk-CZJLB7T5.js[39m  [2m | [22m[2m-[22m                        [2m | [22m  [36m1.08 kB[39m[2m | [22m
[32mchunk-5Z3USSLV.js[39m  [2m | [22m[2m-[22m                        [2m | [22m  [36m1.06 kB[39m[2m | [22m

[1m [22m                  [2m | [22m[1mInitial total[22m            [2m | [22m [1m39.95 kB[22m

[1mLazy chunk files[22m   [2m | [22m[1mNames[22m                    [2m | [22m [1mRaw size[22m
[32mchunk-GZPI57L4.js[39m  [2m | [22m[2mgamification-page[22m        [2m | [22m [36m32.84 kB[39m[2m | [22m
[32mchunk-OMXWZAPL.js[39m  [2m | [22m[2mdashboard-page[22m           [2m | [22m [36m31.66 kB[39m[2m | [22m
[32mchunk-RR2EOZES.js[39m  [2m | [22m[2mstats-page[22m               [2m | [22m [36m28.68 kB[39m[2m | [22m
[32mchunk-5Z3IFOOO.js[39m  [2m | [22m[2msimulation-detail-page[22m   [2m | [22m [36m26.83 kB[39m[2m | [22m
[32mchunk-F63WGJAW.js[39m  [2m | [22m[2mstore-page[22m               [2m | [22m [36m18.95 kB[39m[2m | [22m
[32mchunk-QF5OE4OV.js[39m  [2m | [22m[2mauth-page[22m                [2m | [22m [36m18.46 kB[39m[2m | [22m
[32mchunk-LIEZDQX3.js[39m  [2m | [22m[2msimulations-page[22m         [2m | [22m [36m13.14 kB[39m[2m | [22m
[32mchunk-ID2XJO6K.js[39m  [2m | [22m[2mprofile-page[22m             [2m | [22m [36m10.36 kB[39m[2m | [22m
[32mchunk-V2ZJAL5C.js[39m  [2m | [22m[2m-[22m                        [2m | [22m  [36m1.36 kB[39m[2m | [22m
[32mchunk-DL6PIDDH.js[39m  [2m | [22m[2m-[22m                        [2m | [22m  [36m1.26 kB[39m[2m | [22m
[32mchunk-Z3YQLVOZ.js[39m  [2m | [22m[2m-[22m                        [2m | [22m  [36m1.23 kB[39m[2m | [22m
[32mchunk-6YFDQOKG.js[39m  [2m | [22m[2m-[22m                        [2m | [22m  [36m1.21 kB[39m[2m | [22m
[32mchunk-ABZ53BRK.js[39m  [2m | [22m[2mmedical-simulation-routes[22m[2m | [22m[36m609 bytes[39m[2m | [22m
[32mchunk-P45XUS2B.js[39m  [2m | [22m[2midentity-access-routes[22m   [2m | [22m[36m590 bytes[39m[2m | [22m
[32mchunk-Z6CUVLMP.js[39m  [2m | [22m[2mgamification-routes[22m      [2m | [22m[36m389 bytes[39m[2m | [22m
[2m...and 3 more lazy chunks files. Use "--verbose" to show all the files.[22m

Application bundle generation complete. [2.907 seconds] - 2026-05-08T04:44:14.858Z

Watch mode enabled. Watching for file changes...
NOTE: Raw file sizes do not reflect development server per-request transformations.
  [32m➜[39m  [1mLocal[22m:   [36mhttp://localhost:[1m4300[22m/[39m
[33m>[39m Changes detected. Rebuilding...
[32m√[39m Changes detected. Rebuilding...
[1mInitial chunk files[22m[2m | [22m[1mNames[22m                    [2m | [22m [1mRaw size[22m
[32mmain.js[39m            [2m | [22m[2mmain[22m                     [2m | [22m [36m26.44 kB[39m[2m | [22m
[32mstyles.css[39m         [2m | [22m[2mstyles[22m                   [2m | [22m [36m10.07 kB[39m[2m | [22m
[32mchunk-ORHIYUNJ.js[39m  [2m | [22m[2m-[22m                        [2m | [22m  [36m1.30 kB[39m[2m | [22m
[32mchunk-CZJLB7T5.js[39m  [2m | [22m[2m-[22m                        [2m | [22m  [36m1.08 kB[39m[2m | [22m
[32mchunk-5Z3USSLV.js[39m  [2m | [22m[2m-[22m                        [2m | [22m  [36m1.06 kB[39m[2m | [22m

[1m [22m                  [2m | [22m[1mInitial total[22m            [2m | [22m [1m39.95 kB[22m

[1mLazy chunk files[22m   [2m | [22m[1mNames[22m                    [2m | [22m [1mRaw size[22m
[32mchunk-GZPI57L4.js[39m  [2m | [22m[2mgamification-page[22m        [2m | [22m [36m32.84 kB[39m[2m | [22m
[32mchunk-OMXWZAPL.js[39m  [2m | [22m[2mdashboard-page[22m           [2m | [22m [36m31.66 kB[39m[2m | [22m
[32mchunk-RR2EOZES.js[39m  [2m | [22m[2mstats-page[22m               [2m | [22m [36m28.68 kB[39m[2m | [22m
[32mchunk-5Z3IFOOO.js[39m  [2m | [22m[2msimulation-detail-page[22m   [2m | [22m [36m26.83 kB[39m[2m | [22m
[32mchunk-F63WGJAW.js[39m  [2m | [22m[2mstore-page[22m               [2m | [22m [36m18.95 kB[39m[2m | [22m
[32mchunk-QF5OE4OV.js[39m  [2m | [22m[2mauth-page[22m                [2m | [22m [36m18.46 kB[39m[2m | [22m
[32mchunk-LIEZDQX3.js[39m  [2m | [22m[2msimulations-page[22m         [2m | [22m [36m13.14 kB[39m[2m | [22m
[32mchunk-ID2XJO6K.js[39m  [2m | [22m[2mprofile-page[22m             [2m | [22m [36m10.36 kB[39m[2m | [22m
[32mchunk-V2ZJAL5C.js[39m  [2m | [22m[2m-[22m                        [2m | [22m  [36m1.36 kB[39m[2m | [22m
[32mchunk-DL6PIDDH.js[39m  [2m | [22m[2m-[22m                        [2m | [22m  [36m1.26 kB[39m[2m | [22m
[32mchunk-Z3YQLVOZ.js[39m  [2m | [22m[2m-[22m                        [2m | [22m  [36m1.23 kB[39m[2m | [22m
[32mchunk-6YFDQOKG.js[39m  [2m | [22m[2m-[22m                        [2m | [22m  [36m1.21 kB[39m[2m | [22m
[32mchunk-ABZ53BRK.js[39m  [2m | [22m[2mmedical-simulation-routes[22m[2m | [22m[36m609 bytes[39m[2m | [22m
[32mchunk-P45XUS2B.js[39m  [2m | [22m[2midentity-access-routes[22m   [2m | [22m[36m590 bytes[39m[2m | [22m
[32mchunk-Z6CUVLMP.js[39m  [2m | [22m[2mgamification-routes[22m      [2m | [22m[36m389 bytes[39m[2m | [22m
[2m...and 3 more lazy chunks files. Use "--verbose" to show all the files.[22m

Application bundle generation complete. [0.692 seconds] - 2026-05-08T04:56:50.915Z

[33m>[39m Changes detected. Rebuilding...
[32m√[39m Changes detected. Rebuilding...
[1mInitial chunk files[22m[2m | [22m[1mNames[22m                    [2m | [22m [1mRaw size[22m
[32mmain.js[39m            [2m | [22m[2mmain[22m                     [2m | [22m [36m26.44 kB[39m[2m | [22m
[32mchunk-LGOXRBHP.js[39m  [2m | [22m[2m-[22m                        [2m | [22m  [36m1.46 kB[39m[2m | [22m
[32mchunk-7L5QO23J.js[39m  [2m | [22m[2m-[22m                        [2m | [22m[36m525 bytes[39m[2m | [22m

[1mLazy chunk files[22m   [2m | [22m[1mNames[22m                    [2m | [22m [1mRaw size[22m
[32mchunk-GP5ISLRS.js[39m  [2m | [22m[2mgamification-page[22m        [2m | [22m [36m32.84 kB[39m[2m | [22m
[32mchunk-7OWYHHRK.js[39m  [2m | [22m[2mdashboard-page[22m           [2m | [22m [36m31.66 kB[39m[2m | [22m
[32mchunk-LIK7ITUE.js[39m  [2m | [22m[2mstats-page[22m               [2m | [22m [36m28.68 kB[39m[2m | [22m
[32mchunk-J2KVXVIB.js[39m  [2m | [22m[2msimulation-detail-page[22m   [2m | [22m [36m26.83 kB[39m[2m | [22m
[32mchunk-B3PQJSU6.js[39m  [2m | [22m[2mstore-page[22m               [2m | [22m [36m18.95 kB[39m[2m | [22m
[32mchunk-3QIR2SVS.js[39m  [2m | [22m[2mauth-page[22m                [2m | [22m [36m18.46 kB[39m[2m | [22m
[32mchunk-PNCAHEEA.js[39m  [2m | [22m[2msimulations-page[22m         [2m | [22m [36m13.14 kB[39m[2m | [22m
[32mchunk-XHEINWEH.js[39m  [2m | [22m[2mprofile-page[22m             [2m | [22m [36m10.36 kB[39m[2m | [22m
[32mchunk-MPO6AVYL.js[39m  [2m | [22m[2m-[22m                        [2m | [22m  [36m1.52 kB[39m[2m | [22m
[32mchunk-PKXFT3Q5.js[39m  [2m | [22m[2m-[22m                        [2m | [22m  [36m1.43 kB[39m[2m | [22m
[32mchunk-74W5UOIZ.js[39m  [2m | [22m[2m-[22m                        [2m | [22m  [36m1.39 kB[39m[2m | [22m
[32mchunk-QUCRO6ZM.js[39m  [2m | [22m[2m-[22m                        [2m | [22m  [36m1.38 kB[39m[2m | [22m
[32mchunk-ZHCSEBSP.js[39m  [2m | [22m[2mmedical-simulation-routes[22m[2m | [22m[36m609 bytes[39m[2m | [22m
[32mchunk-4QRK3CAZ.js[39m  [2m | [22m[2midentity-access-routes[22m   [2m | [22m[36m590 bytes[39m[2m | [22m
[32mchunk-XY3I6LG2.js[39m  [2m | [22m[2mgamification-routes[22m      [2m | [22m[36m389 bytes[39m[2m | [22m
[2m...and 3 more lazy chunks files. Use "--verbose" to show all the files.[22m

Application bundle generation complete. [0.648 seconds] - 2026-05-08T04:57:31.491Z

Page reload sent to client(s).
[2m11:57:35 p.m.[22m [36m[1m[vite][22m[39m [90m[2m(client)[22m[39m [32m✨ new dependencies optimized: [33mrxjs[32m[39m
[2m11:57:35 p.m.[22m [36m[1m[vite][22m[39m [90m[2m(client)[22m[39m [32m✨ optimized dependencies changed. reloading[39m
[33m>[39m Changes detected. Rebuilding...
[32m√[39m Changes detected. Rebuilding...
[1mInitial chunk files[22m[2m | [22m[1mNames[22m              [2m | [22m [1mRaw size[22m
[32mmain.js[39m            [2m | [22m[2mmain[22m               [2m | [22m [36m26.44 kB[39m[2m | [22m

[1mLazy chunk files[22m   [2m | [22m[1mNames[22m              [2m | [22m [1mRaw size[22m
[32mchunk-BTHJWHC6.js[39m  [2m | [22m[2mgamification-page[22m  [2m | [22m [36m32.84 kB[39m[2m | [22m
[32mchunk-S7CE7J76.js[39m  [2m | [22m[2mstats-page[22m         [2m | [22m [36m28.69 kB[39m[2m | [22m
[32mchunk-AGBLXKKZ.js[39m  [2m | [22m[2mgamification-routes[22m[2m | [22m[36m389 bytes[39m[2m | [22m
[32mchunk-WPJS3B5F.js[39m  [2m | [22m[2mstatistics-routes[22m  [2m | [22m[36m360 bytes[39m[2m | [22m

Application bundle generation complete. [0.447 seconds] - 2026-05-08T04:57:40.890Z

Page reload sent to client(s).
[33m>[39m Changes detected. Rebuilding...
[32m√[39m Changes detected. Rebuilding...
[1mInitial chunk files[22m[2m | [22m[1mNames[22m                    [2m | [22m [1mRaw size[22m
[32mmain.js[39m            [2m | [22m[2mmain[22m                     [2m | [22m [36m26.44 kB[39m[2m | [22m
[32mstyles.css[39m         [2m | [22m[2mstyles[22m                   [2m | [22m [36m10.07 kB[39m[2m | [22m
[32mchunk-LGOXRBHP.js[39m  [2m | [22m[2m-[22m                        [2m | [22m  [36m1.46 kB[39m[2m | [22m
[32mchunk-CZJLB7T5.js[39m  [2m | [22m[2m-[22m                        [2m | [22m  [36m1.08 kB[39m[2m | [22m
[32mchunk-7L5QO23J.js[39m  [2m | [22m[2m-[22m                        [2m | [22m[36m525 bytes[39m[2m | [22m

[1m [22m                  [2m | [22m[1mInitial total[22m            [2m | [22m [1m39.58 kB[22m

[1mLazy chunk files[22m   [2m | [22m[1mNames[22m                    [2m | [22m [1mRaw size[22m
[32mchunk-BTHJWHC6.js[39m  [2m | [22m[2mgamification-page[22m        [2m | [22m [36m32.84 kB[39m[2m | [22m
[32mchunk-7OWYHHRK.js[39m  [2m | [22m[2mdashboard-page[22m           [2m | [22m [36m31.66 kB[39m[2m | [22m
[32mchunk-S7CE7J76.js[39m  [2m | [22m[2mstats-page[22m               [2m | [22m [36m28.69 kB[39m[2m | [22m
[32mchunk-J2KVXVIB.js[39m  [2m | [22m[2msimulation-detail-page[22m   [2m | [22m [36m26.83 kB[39m[2m | [22m
[32mchunk-B3PQJSU6.js[39m  [2m | [22m[2mstore-page[22m               [2m | [22m [36m18.95 kB[39m[2m | [22m
[32mchunk-3QIR2SVS.js[39m  [2m | [22m[2mauth-page[22m                [2m | [22m [36m18.46 kB[39m[2m | [22m
[32mchunk-PNCAHEEA.js[39m  [2m | [22m[2msimulations-page[22m         [2m | [22m [36m13.14 kB[39m[2m | [22m
[32mchunk-XHEINWEH.js[39m  [2m | [22m[2mprofile-page[22m             [2m | [22m [36m10.36 kB[39m[2m | [22m
[32mchunk-MPO6AVYL.js[39m  [2m | [22m[2m-[22m                        [2m | [22m  [36m1.52 kB[39m[2m | [22m
[32mchunk-PKXFT3Q5.js[39m  [2m | [22m[2m-[22m                        [2m | [22m  [36m1.43 kB[39m[2m | [22m
[32mchunk-74W5UOIZ.js[39m  [2m | [22m[2m-[22m                        [2m | [22m  [36m1.39 kB[39m[2m | [22m
[32mchunk-QUCRO6ZM.js[39m  [2m | [22m[2m-[22m                        [2m | [22m  [36m1.38 kB[39m[2m | [22m
[32mchunk-ZHCSEBSP.js[39m  [2m | [22m[2mmedical-simulation-routes[22m[2m | [22m[36m609 bytes[39m[2m | [22m
[32mchunk-4QRK3CAZ.js[39m  [2m | [22m[2midentity-access-routes[22m   [2m | [22m[36m590 bytes[39m[2m | [22m
[32mchunk-AGBLXKKZ.js[39m  [2m | [22m[2mgamification-routes[22m      [2m | [22m[36m389 bytes[39m[2m | [22m
[2m...and 3 more lazy chunks files. Use "--verbose" to show all the files.[22m

Application bundle generation complete. [0.006 seconds] - 2026-05-08T04:59:28.273Z

[33m>[39m Changes detected. Rebuilding...
[32m√[39m Changes detected. Rebuilding...
[1mInitial chunk files[22m[2m | [22m[1mNames[22m[2m | [22m[1mRaw size[22m
[32mmain.js[39m            [2m | [22m[2mmain[22m [2m | [22m[36m27.00 kB[39m[2m | [22m

Application bundle generation complete. [1.963 seconds] - 2026-05-08T05:28:48.010Z

Page reload sent to client(s).
[2m12:28:52 a.m.[22m [36m[1m[vite][22m[39m [90m[2m(client)[22m[39m [32m✨ new dependencies optimized: [33m@ngx-translate/core, @ngx-translate/http-loader[32m[39m
[2m12:28:52 a.m.[22m [36m[1m[vite][22m[39m [90m[2m(client)[22m[39m [32m✨ optimized dependencies changed. reloading[39m
[33m>[39m Changes detected. Rebuilding...
[32m√[39m Changes detected. Rebuilding...
[1mInitial chunk files[22m[2m | [22m[1mNames[22m[2m | [22m[1mRaw size[22m
[32mmain.js[39m            [2m | [22m[2mmain[22m [2m | [22m[36m32.27 kB[39m[2m | [22m

Application bundle generation complete. [0.722 seconds] - 2026-05-08T05:29:05.995Z

Page reload sent to client(s).
[2m12:29:09 a.m.[22m [36m[1m[vite][22m[39m [90m[2m(client)[22m[39m [32m✨ new dependencies optimized: [33m@angular/material/button-toggle[32m[39m
[2m12:29:09 a.m.[22m [36m[1m[vite][22m[39m [90m[2m(client)[22m[39m [32m✨ optimized dependencies changed. reloading[39m
[33m>[39m Changes detected. Rebuilding...
[32m√[39m Changes detected. Rebuilding...
[1mInitial chunk files[22m[2m | [22m[1mNames[22m         [2m | [22m [1mRaw size[22m
[32mmain.js[39m            [2m | [22m[2mmain[22m          [2m | [22m [36m32.27 kB[39m[2m | [22m

[1mLazy chunk files[22m   [2m | [22m[1mNames[22m         [2m | [22m [1mRaw size[22m
[32mchunk-MRZ2YWLG.js[39m  [2m | [22m[2mdashboard-page[22m[2m | [22m [36m34.48 kB[39m[2m | [22m
[32mchunk-U7HCHISK.js[39m  [2m | [22m[2mshared-routes[22m [2m | [22m[36m350 bytes[39m[2m | [22m

Application bundle generation complete. [0.943 seconds] - 2026-05-08T05:29:26.134Z

Page reload sent to client(s).
[33m>[39m Changes detected. Rebuilding...
[32m√[39m Changes detected. Rebuilding...
[1mInitial chunk files[22m[2m | [22m[1mNames[22m                    [2m | [22m [1mRaw size[22m
[32mmain.js[39m            [2m | [22m[2mmain[22m                     [2m | [22m [36m32.27 kB[39m[2m | [22m

[1mLazy chunk files[22m   [2m | [22m[1mNames[22m                    [2m | [22m [1mRaw size[22m
[32mchunk-4M5Q767D.js[39m  [2m | [22m[2mauth-page[22m                [2m | [22m [36m20.70 kB[39m[2m | [22m
[32mchunk-VDQZ3XQQ.js[39m  [2m | [22m[2mstore-page[22m               [2m | [22m [36m19.84 kB[39m[2m | [22m
[32mchunk-PKF3EDAJ.js[39m  [2m | [22m[2msimulations-page[22m         [2m | [22m [36m13.57 kB[39m[2m | [22m
[32mchunk-ZHNAMZTT.js[39m  [2m | [22m[2mmedical-simulation-routes[22m[2m | [22m[36m609 bytes[39m[2m | [22m
[32mchunk-FAKOQWHZ.js[39m  [2m | [22m[2midentity-access-routes[22m   [2m | [22m[36m590 bytes[39m[2m | [22m
[32mchunk-5HBWJQIP.js[39m  [2m | [22m[2mecommerce-routes[22m         [2m | [22m[36m344 bytes[39m[2m | [22m

Application bundle generation complete. [1.166 seconds] - 2026-05-08T05:30:03.568Z

Page reload sent to client(s).
[33m>[39m Changes detected. Rebuilding...
[32m√[39m Changes detected. Rebuilding...
[1mInitial chunk files[22m[2m | [22m[1mNames[22m              [2m | [22m [1mRaw size[22m
[32mmain.js[39m            [2m | [22m[2mmain[22m               [2m | [22m [36m32.27 kB[39m[2m | [22m

[1mLazy chunk files[22m   [2m | [22m[1mNames[22m              [2m | [22m [1mRaw size[22m
[32mchunk-B3ZRZ46E.js[39m  [2m | [22m[2mgamification-page[22m  [2m | [22m [36m36.39 kB[39m[2m | [22m
[32mchunk-3YYN6UYP.js[39m  [2m | [22m[2mstats-page[22m         [2m | [22m [36m30.70 kB[39m[2m | [22m
[32mchunk-A7PDGVJG.js[39m  [2m | [22m[2mgamification-routes[22m[2m | [22m[36m389 bytes[39m[2m | [22m
[32mchunk-GKGFK5TA.js[39m  [2m | [22m[2mstatistics-routes[22m  [2m | [22m[36m360 bytes[39m[2m | [22m

Application bundle generation complete. [1.019 seconds] - 2026-05-08T05:30:42.660Z

Page reload sent to client(s).
[33m>[39m Changes detected. Rebuilding...
[32m√[39m Changes detected. Rebuilding...
[1mInitial chunk files[22m[2m | [22m[1mNames[22m                    [2m | [22m [1mRaw size[22m
[32mmain.js[39m            [2m | [22m[2mmain[22m                     [2m | [22m [36m32.27 kB[39m[2m | [22m

[1mLazy chunk files[22m   [2m | [22m[1mNames[22m                    [2m | [22m [1mRaw size[22m
[32mchunk-PHP5MWKP.js[39m  [2m | [22m[2msimulation-detail-page[22m   [2m | [22m [36m28.85 kB[39m[2m | [22m
[32mchunk-5FFPOTDH.js[39m  [2m | [22m[2mprofile-page[22m             [2m | [22m [36m11.94 kB[39m[2m | [22m
[32mchunk-RP23UT2K.js[39m  [2m | [22m[2mmedical-simulation-routes[22m[2m | [22m[36m609 bytes[39m[2m | [22m
[32mchunk-UDYRTAS7.js[39m  [2m | [22m[2midentity-access-routes[22m   [2m | [22m[36m590 bytes[39m[2m | [22m

Application bundle generation complete. [1.291 seconds] - 2026-05-08T05:32:23.153Z

Page reload sent to client(s).
[33m>[39m Changes detected. Rebuilding...
[32m√[39m Changes detected. Rebuilding...
[1mInitial chunk files[22m[2m | [22m[1mNames[22m[2m | [22m[1mRaw size[22m
[32mmain.js[39m            [2m | [22m[2mmain[22m [2m | [22m[36m32.45 kB[39m[2m | [22m

Application bundle generation complete. [0.913 seconds] - 2026-05-08T05:33:25.101Z

Page reload sent to client(s).
[33m>[39m Changes detected. Rebuilding...
[32m√[39m Changes detected. Rebuilding...
[1mInitial chunk files[22m[2m | [22m[1mNames[22m                    [2m | [22m [1mRaw size[22m
[32mmain.js[39m            [2m | [22m[2mmain[22m                     [2m | [22m [36m32.45 kB[39m[2m | [22m
[32mstyles.css[39m         [2m | [22m[2mstyles[22m                   [2m | [22m [36m10.07 kB[39m[2m | [22m
[32mchunk-LGOXRBHP.js[39m  [2m | [22m[2m-[22m                        [2m | [22m  [36m1.46 kB[39m[2m | [22m
[32mchunk-CZJLB7T5.js[39m  [2m | [22m[2m-[22m                        [2m | [22m  [36m1.08 kB[39m[2m | [22m
[32mchunk-7L5QO23J.js[39m  [2m | [22m[2m-[22m                        [2m | [22m[36m525 bytes[39m[2m | [22m

[1m [22m                  [2m | [22m[1mInitial total[22m            [2m | [22m [1m45.58 kB[22m

[1mLazy chunk files[22m   [2m | [22m[1mNames[22m                    [2m | [22m [1mRaw size[22m
[32mchunk-B3ZRZ46E.js[39m  [2m | [22m[2mgamification-page[22m        [2m | [22m [36m36.39 kB[39m[2m | [22m
[32mchunk-MRZ2YWLG.js[39m  [2m | [22m[2mdashboard-page[22m           [2m | [22m [36m34.48 kB[39m[2m | [22m
[32mchunk-3YYN6UYP.js[39m  [2m | [22m[2mstats-page[22m               [2m | [22m [36m30.70 kB[39m[2m | [22m
[32mchunk-PHP5MWKP.js[39m  [2m | [22m[2msimulation-detail-page[22m   [2m | [22m [36m28.85 kB[39m[2m | [22m
[32mchunk-4M5Q767D.js[39m  [2m | [22m[2mauth-page[22m                [2m | [22m [36m20.70 kB[39m[2m | [22m
[32mchunk-VDQZ3XQQ.js[39m  [2m | [22m[2mstore-page[22m               [2m | [22m [36m19.84 kB[39m[2m | [22m
[32mchunk-PKF3EDAJ.js[39m  [2m | [22m[2msimulations-page[22m         [2m | [22m [36m13.57 kB[39m[2m | [22m
[32mchunk-5FFPOTDH.js[39m  [2m | [22m[2mprofile-page[22m             [2m | [22m [36m11.94 kB[39m[2m | [22m
[32mchunk-MPO6AVYL.js[39m  [2m | [22m[2m-[22m                        [2m | [22m  [36m1.52 kB[39m[2m | [22m
[32mchunk-PKXFT3Q5.js[39m  [2m | [22m[2m-[22m                        [2m | [22m  [36m1.43 kB[39m[2m | [22m
[32mchunk-74W5UOIZ.js[39m  [2m | [22m[2m-[22m                        [2m | [22m  [36m1.39 kB[39m[2m | [22m
[32mchunk-QUCRO6ZM.js[39m  [2m | [22m[2m-[22m                        [2m | [22m  [36m1.38 kB[39m[2m | [22m
[32mchunk-RP23UT2K.js[39m  [2m | [22m[2mmedical-simulation-routes[22m[2m | [22m[36m609 bytes[39m[2m | [22m
[32mchunk-UDYRTAS7.js[39m  [2m | [22m[2midentity-access-routes[22m   [2m | [22m[36m590 bytes[39m[2m | [22m
[32mchunk-A7PDGVJG.js[39m  [2m | [22m[2mgamification-routes[22m      [2m | [22m[36m389 bytes[39m[2m | [22m
[2m...and 3 more lazy chunks files. Use "--verbose" to show all the files.[22m

Application bundle generation complete. [0.594 seconds] - 2026-05-08T05:59:45.186Z

[33m>[39m Changes detected. Rebuilding...
[32m√[39m Changes detected. Rebuilding...
[1mInitial chunk files[22m[2m | [22m[1mNames[22m                    [2m | [22m [1mRaw size[22m
[32mmain.js[39m            [2m | [22m[2mmain[22m                     [2m | [22m [36m32.43 kB[39m[2m | [22m

[1mLazy chunk files[22m   [2m | [22m[1mNames[22m                    [2m | [22m [1mRaw size[22m
[32mchunk-TICJXAXT.js[39m  [2m | [22m[2mdashboard-page[22m           [2m | [22m [36m34.48 kB[39m[2m | [22m
[32mchunk-7HMONOYO.js[39m  [2m | [22m[2mlearning-page[22m            [2m | [22m [36m22.47 kB[39m[2m | [22m
[32mchunk-ECKTBJ7Z.js[39m  [2m | [22m[2mmedical-simulation-routes[22m[2m | [22m[36m782 bytes[39m[2m | [22m
[32mchunk-BFUG7KMY.js[39m  [2m | [22m[2mshared-routes[22m            [2m | [22m[36m350 bytes[39m[2m | [22m

Application bundle generation complete. [1.187 seconds] - 2026-05-08T06:00:40.812Z

Page reload sent to client(s).
[33m>[39m Changes detected. Rebuilding...
[32m√[39m Changes detected. Rebuilding...
[1mInitial chunk files[22m[2m | [22m[1mNames[22m[2m | [22m[1mRaw size[22m
[32mmain.js[39m            [2m | [22m[2mmain[22m [2m | [22m[36m32.81 kB[39m[2m | [22m

Application bundle generation complete. [0.603 seconds] - 2026-05-08T06:01:19.265Z

Page reload sent to client(s).
[33m>[39m Changes detected. Rebuilding...
[32m√[39m Changes detected. Rebuilding...
[1mInitial chunk files[22m[2m | [22m[1mNames[22m              [2m | [22m [1mRaw size[22m
[32mmain.js[39m            [2m | [22m[2mmain[22m               [2m | [22m [36m32.81 kB[39m[2m | [22m

[1mLazy chunk files[22m   [2m | [22m[1mNames[22m              [2m | [22m [1mRaw size[22m
[32mchunk-BF6YCJKJ.js[39m  [2m | [22m[2mgamification-page[22m  [2m | [22m [36m41.84 kB[39m[2m | [22m
[32mchunk-62CJXFIM.js[39m  [2m | [22m[2mgamification-routes[22m[2m | [22m[36m389 bytes[39m[2m | [22m

Application bundle generation complete. [1.158 seconds] - 2026-05-08T06:01:38.634Z

Component update sent to client(s).
[33m>[39m Changes detected. Rebuilding...
[32m√[39m Changes detected. Rebuilding...
[1mInitial chunk files[22m[2m | [22m[1mNames[22m           [2m | [22m [1mRaw size[22m
[32mmain.js[39m            [2m | [22m[2mmain[22m            [2m | [22m [36m32.81 kB[39m[2m | [22m

[1mLazy chunk files[22m   [2m | [22m[1mNames[22m           [2m | [22m [1mRaw size[22m
[32mchunk-L2M2VB7Z.js[39m  [2m | [22m[2mstore-page[22m      [2m | [22m [36m29.54 kB[39m[2m | [22m
[32mchunk-5JLFBNKK.js[39m  [2m | [22m[2mecommerce-routes[22m[2m | [22m[36m344 bytes[39m[2m | [22m

Application bundle generation complete. [0.771 seconds] - 2026-05-08T06:02:12.455Z

Page reload sent to client(s).
[33m>[39m Changes detected. Rebuilding...
[32m√[39m Changes detected. Rebuilding...
[1mInitial chunk files[22m[2m | [22m[1mNames[22m            [2m | [22m [1mRaw size[22m
[32mmain.js[39m            [2m | [22m[2mmain[22m             [2m | [22m [36m32.81 kB[39m[2m | [22m

[1mLazy chunk files[22m   [2m | [22m[1mNames[22m            [2m | [22m [1mRaw size[22m
[32mchunk-HUVGNE2U.js[39m  [2m | [22m[2mstats-page[22m       [2m | [22m [36m37.61 kB[39m[2m | [22m
[32mchunk-TWZEGQSS.js[39m  [2m | [22m[2mstatistics-routes[22m[2m | [22m[36m360 bytes[39m[2m | [22m

Application bundle generation complete. [0.931 seconds] - 2026-05-08T06:02:30.468Z

Component update sent to client(s).
[33m>[39m Changes detected. Rebuilding...
[32m√[39m Changes detected. Rebuilding...
[1mInitial chunk files[22m[2m | [22m[1mNames[22m                 [2m | [22m [1mRaw size[22m
[32mmain.js[39m            [2m | [22m[2mmain[22m                  [2m | [22m [36m32.81 kB[39m[2m | [22m
[32mchunk-XWNPVVIV.js[39m  [2m | [22m[2m-[22m                     [2m | [22m  [36m1.56 kB[39m[2m | [22m

[1mLazy chunk files[22m   [2m | [22m[1mNames[22m                 [2m | [22m [1mRaw size[22m
[32mchunk-4JJS3POW.js[39m  [2m | [22m[2mgamification-page[22m     [2m | [22m [36m41.84 kB[39m[2m | [22m
[32mchunk-BBGPYU6M.js[39m  [2m | [22m[2mdashboard-page[22m        [2m | [22m [36m34.48 kB[39m[2m | [22m
[32mchunk-JGUEPVSJ.js[39m  [2m | [22m[2mauth-page[22m             [2m | [22m [36m20.70 kB[39m[2m | [22m
[32mchunk-I2YJC5IN.js[39m  [2m | [22m[2mprofile-page[22m          [2m | [22m [36m11.94 kB[39m[2m | [22m
[32mchunk-IFR23UU6.js[39m  [2m | [22m[2m-[22m                     [2m | [22m  [36m1.53 kB[39m[2m | [22m
[32mchunk-YC5OV6K4.js[39m  [2m | [22m[2midentity-access-routes[22m[2m | [22m[36m590 bytes[39m[2m | [22m
[32mchunk-72SFFL2L.js[39m  [2m | [22m[2mgamification-routes[22m   [2m | [22m[36m389 bytes[39m[2m | [22m
[32mchunk-AKQAMAZJ.js[39m  [2m | [22m[2mshared-routes[22m         [2m | [22m[36m350 bytes[39m[2m | [22m

Application bundle generation complete. [1.137 seconds] - 2026-05-08T06:23:21.971Z

Page reload sent to client(s).
[33m>[39m Changes detected. Rebuilding...
[32m√[39m Changes detected. Rebuilding...
[1mInitial chunk files[22m[2m | [22m[1mNames[22m[2m | [22m[1mRaw size[22m
[32mmain.js[39m            [2m | [22m[2mmain[22m [2m | [22m[36m35.13 kB[39m[2m | [22m

Application bundle generation complete. [0.550 seconds] - 2026-05-08T06:23:38.873Z

Page reload sent to client(s).
[33m>[39m Changes detected. Rebuilding...
[32m√[39m Changes detected. Rebuilding...
[1mInitial chunk files[22m[2m | [22m[1mNames[22m                    [2m | [22m [1mRaw size[22m
[32mmain.js[39m            [2m | [22m[2mmain[22m                     [2m | [22m [36m35.13 kB[39m[2m | [22m

[1mLazy chunk files[22m   [2m | [22m[1mNames[22m                    [2m | [22m [1mRaw size[22m
[32mchunk-WQVOCFUR.js[39m  [2m | [22m[2msimulations-page[22m         [2m | [22m [36m13.86 kB[39m[2m | [22m
[32mchunk-QUY6NP56.js[39m  [2m | [22m[2mmedical-simulation-routes[22m[2m | [22m[36m782 bytes[39m[2m | [22m

Application bundle generation complete. [0.536 seconds] - 2026-05-08T06:23:44.270Z

Component update sent to client(s).
[33m>[39m Changes detected. Rebuilding...
[32m√[39m Changes detected. Rebuilding...
[1mInitial chunk files[22m[2m | [22m[1mNames[22m                    [2m | [22m [1mRaw size[22m
[32mmain.js[39m            [2m | [22m[2mmain[22m                     [2m | [22m [36m34.10 kB[39m[2m | [22m
[32mchunk-BG6KHRHB.js[39m  [2m | [22m[2m-[22m                        [2m | [22m  [36m1.19 kB[39m[2m | [22m

[1mLazy chunk files[22m   [2m | [22m[1mNames[22m                    [2m | [22m [1mRaw size[22m
[32mchunk-KHFUTZ5I.js[39m  [2m | [22m[2msimulation-detail-page[22m   [2m | [22m [36m35.03 kB[39m[2m | [22m
[32mchunk-BEOSLVY6.js[39m  [2m | [22m[2mmedical-simulation-routes[22m[2m | [22m[36m782 bytes[39m[2m | [22m

Application bundle generation complete. [1.089 seconds] - 2026-05-08T06:24:20.869Z

Page reload sent to client(s).
[33m>[39m Changes detected. Rebuilding...
[32m√[39m Changes detected. Rebuilding...
[1mInitial chunk files[22m[2m | [22m[1mNames[22m                    [2m | [22m [1mRaw size[22m
[32mmain.js[39m            [2m | [22m[2mmain[22m                     [2m | [22m [36m34.10 kB[39m[2m | [22m

[1mLazy chunk files[22m   [2m | [22m[1mNames[22m                    [2m | [22m [1mRaw size[22m
[32mchunk-77CKCVFJ.js[39m  [2m | [22m[2msimulation-detail-page[22m   [2m | [22m [36m42.63 kB[39m[2m | [22m
[32mchunk-CO43LWFW.js[39m  [2m | [22m[2mmedical-simulation-routes[22m[2m | [22m[36m782 bytes[39m[2m | [22m

Application bundle generation complete. [0.750 seconds] - 2026-05-08T06:24:51.688Z

Component update sent to client(s).
[33m>[39m Changes detected. Rebuilding...
[32m√[39m Changes detected. Rebuilding...
[1mInitial chunk files[22m[2m | [22m[1mNames[22m              [2m | [22m [1mRaw size[22m
[32mmain.js[39m            [2m | [22m[2mmain[22m               [2m | [22m [36m34.10 kB[39m[2m | [22m

[1mLazy chunk files[22m   [2m | [22m[1mNames[22m              [2m | [22m [1mRaw size[22m
[32mchunk-J6TKM3IQ.js[39m  [2m | [22m[2mgamification-page[22m  [2m | [22m [36m42.05 kB[39m[2m | [22m
[32mchunk-D4IO2FII.js[39m  [2m | [22m[2mgamification-routes[22m[2m | [22m[36m389 bytes[39m[2m | [22m

Application bundle generation complete. [1.389 seconds] - 2026-05-08T06:25:17.168Z

Page reload sent to client(s).
[33m>[39m Changes detected. Rebuilding...
[32m√[39m Changes detected. Rebuilding...
[1mInitial chunk files[22m[2m | [22m[1mNames[22m              [2m | [22m [1mRaw size[22m
[32mmain.js[39m            [2m | [22m[2mmain[22m               [2m | [22m [36m34.10 kB[39m[2m | [22m

[1mLazy chunk files[22m   [2m | [22m[1mNames[22m              [2m | [22m [1mRaw size[22m
[32mchunk-QMUPNAQP.js[39m  [2m | [22m[2mgamification-page[22m  [2m | [22m [36m45.15 kB[39m[2m | [22m
[32mchunk-TNVOATVT.js[39m  [2m | [22m[2mgamification-routes[22m[2m | [22m[36m389 bytes[39m[2m | [22m

Application bundle generation complete. [0.881 seconds] - 2026-05-08T06:25:26.437Z

Component update sent to client(s).
[33m>[39m Changes detected. Rebuilding...
[32m√[39m Changes detected. Rebuilding...
[1mInitial chunk files[22m[2m | [22m[1mNames[22m              [2m | [22m [1mRaw size[22m
[32mmain.js[39m            [2m | [22m[2mmain[22m               [2m | [22m [36m34.10 kB[39m[2m | [22m

[1mLazy chunk files[22m   [2m | [22m[1mNames[22m              [2m | [22m [1mRaw size[22m
[32mchunk-SBBW2MWT.js[39m  [2m | [22m[2mgamification-page[22m  [2m | [22m [36m46.48 kB[39m[2m | [22m
[32mchunk-PR3M3ZHT.js[39m  [2m | [22m[2mgamification-routes[22m[2m | [22m[36m389 bytes[39m[2m | [22m

Application bundle generation complete. [0.615 seconds] - 2026-05-08T06:25:35.140Z

Component update sent to client(s).
[33m>[39m Changes detected. Rebuilding...
[32m√[39m Changes detected. Rebuilding...
[1mInitial chunk files[22m[2m | [22m[1mNames[22m           [2m | [22m [1mRaw size[22m
[32mmain.js[39m            [2m | [22m[2mmain[22m            [2m | [22m [36m34.10 kB[39m[2m | [22m

[1mLazy chunk files[22m   [2m | [22m[1mNames[22m           [2m | [22m [1mRaw size[22m
[32mchunk-YWOFVL24.js[39m  [2m | [22m[2mstore-page[22m      [2m | [22m [36m30.40 kB[39m[2m | [22m
[32mchunk-AF4ZTH6E.js[39m  [2m | [22m[2mecommerce-routes[22m[2m | [22m[36m344 bytes[39m[2m | [22m

Application bundle generation complete. [0.511 seconds] - 2026-05-08T06:26:03.714Z

Page reload sent to client(s).
[33m>[39m Changes detected. Rebuilding...
[32m√[39m Changes detected. Rebuilding...
[1mInitial chunk files[22m[2m | [22m[1mNames[22m           [2m | [22m [1mRaw size[22m
[32mmain.js[39m            [2m | [22m[2mmain[22m            [2m | [22m [36m34.10 kB[39m[2m | [22m

[1mLazy chunk files[22m   [2m | [22m[1mNames[22m           [2m | [22m [1mRaw size[22m
[32mchunk-3WC62JYV.js[39m  [2m | [22m[2mstore-page[22m      [2m | [22m [36m31.67 kB[39m[2m | [22m
[32mchunk-6C2J3AOV.js[39m  [2m | [22m[2mecommerce-routes[22m[2m | [22m[36m344 bytes[39m[2m | [22m

Application bundle generation complete. [0.938 seconds] - 2026-05-08T06:26:21.271Z

Component update sent to client(s).
[33m>[39m Changes detected. Rebuilding...
[32m√[39m Changes detected. Rebuilding...
[1mInitial chunk files[22m[2m | [22m[1mNames[22m           [2m | [22m [1mRaw size[22m
[32mmain.js[39m            [2m | [22m[2mmain[22m            [2m | [22m [36m34.10 kB[39m[2m | [22m

[1mLazy chunk files[22m   [2m | [22m[1mNames[22m           [2m | [22m [1mRaw size[22m
[32mchunk-7X2JNNON.js[39m  [2m | [22m[2mstore-page[22m      [2m | [22m [36m32.14 kB[39m[2m | [22m
[32mchunk-V2GKLT3M.js[39m  [2m | [22m[2mecommerce-routes[22m[2m | [22m[36m344 bytes[39m[2m | [22m

Application bundle generation complete. [0.596 seconds] - 2026-05-08T06:26:30.749Z

Component update sent to client(s).
[33m>[39m Changes detected. Rebuilding...
[32m√[39m Changes detected. Rebuilding...
[1mInitial chunk files[22m[2m | [22m[1mNames[22m              [2m | [22m [1mRaw size[22m
[32mmain.js[39m            [2m | [22m[2mmain[22m               [2m | [22m [36m34.10 kB[39m[2m | [22m

[1mLazy chunk files[22m   [2m | [22m[1mNames[22m              [2m | [22m [1mRaw size[22m
[32mchunk-TZTLTKDG.js[39m  [2m | [22m[2mgamification-page[22m  [2m | [22m [36m46.26 kB[39m[2m | [22m
[32mchunk-LDYDKUAD.js[39m  [2m | [22m[2mgamification-routes[22m[2m | [22m[36m389 bytes[39m[2m | [22m

Application bundle generation complete. [0.746 seconds] - 2026-05-08T06:27:17.508Z

Component update sent to client(s).
[33m>[39m Changes detected. Rebuilding...
[32m√[39m Changes detected. Rebuilding...
[1mInitial chunk files[22m[2m | [22m[1mNames[22m              [2m | [22m [1mRaw size[22m
[32mmain.js[39m            [2m | [22m[2mmain[22m               [2m | [22m [36m34.10 kB[39m[2m | [22m

[1mLazy chunk files[22m   [2m | [22m[1mNames[22m              [2m | [22m [1mRaw size[22m
[32mchunk-JYDDBDBQ.js[39m  [2m | [22m[2mgamification-page[22m  [2m | [22m [36m46.02 kB[39m[2m | [22m
[32mchunk-YFNQ34PV.js[39m  [2m | [22m[2mgamification-routes[22m[2m | [22m[36m389 bytes[39m[2m | [22m

Application bundle generation complete. [0.530 seconds] - 2026-05-08T06:27:44.905Z

Component update sent to client(s).
[33m>[39m Changes detected. Rebuilding...
[32m√[39m Changes detected. Rebuilding...
[1mInitial chunk files[22m[2m | [22m[1mNames[22m              [2m | [22m [1mRaw size[22m
[32mmain.js[39m            [2m | [22m[2mmain[22m               [2m | [22m [36m34.10 kB[39m[2m | [22m

[1mLazy chunk files[22m   [2m | [22m[1mNames[22m              [2m | [22m [1mRaw size[22m
[32mchunk-ZZAPLHES.js[39m  [2m | [22m[2mgamification-page[22m  [2m | [22m [36m45.75 kB[39m[2m | [22m
[32mchunk-DSU4GZFI.js[39m  [2m | [22m[2mgamification-routes[22m[2m | [22m[36m389 bytes[39m[2m | [22m

Application bundle generation complete. [0.570 seconds] - 2026-05-08T06:28:04.355Z

Component update sent to client(s).
[33m>[39m Changes detected. Rebuilding...
[32m√[39m Changes detected. Rebuilding...
[1mInitial chunk files[22m[2m | [22m[1mNames[22m              [2m | [22m [1mRaw size[22m
[32mmain.js[39m            [2m | [22m[2mmain[22m               [2m | [22m [36m34.10 kB[39m[2m | [22m

[1mLazy chunk files[22m   [2m | [22m[1mNames[22m              [2m | [22m [1mRaw size[22m
[32mchunk-O7UXPB37.js[39m  [2m | [22m[2mgamification-page[22m  [2m | [22m [36m45.56 kB[39m[2m | [22m
[32mchunk-UW47TAYV.js[39m  [2m | [22m[2mgamification-routes[22m[2m | [22m[36m389 bytes[39m[2m | [22m

Application bundle generation complete. [0.702 seconds] - 2026-05-08T06:28:21.083Z

Component update sent to client(s).
[33m>[39m Changes detected. Rebuilding...
[32m√[39m Changes detected. Rebuilding...
[1mInitial chunk files[22m[2m | [22m[1mNames[22m           [2m | [22m [1mRaw size[22m
[32mmain.js[39m            [2m | [22m[2mmain[22m            [2m | [22m [36m34.10 kB[39m[2m | [22m

[1mLazy chunk files[22m   [2m | [22m[1mNames[22m           [2m | [22m [1mRaw size[22m
[32mchunk-7A3LPNKL.js[39m  [2m | [22m[2mstore-page[22m      [2m | [22m [36m34.30 kB[39m[2m | [22m
[32mchunk-JIQUEABQ.js[39m  [2m | [22m[2mecommerce-routes[22m[2m | [22m[36m344 bytes[39m[2m | [22m

Application bundle generation complete. [5.254 seconds] - 2026-05-08T07:59:43.545Z

Page reload sent to client(s).
[33m>[39m Changes detected. Rebuilding...
[32m√[39m Changes detected. Rebuilding...
[1mInitial chunk files[22m[2m | [22m[1mNames[22m           [2m | [22m [1mRaw size[22m
[32mmain.js[39m            [2m | [22m[2mmain[22m            [2m | [22m [36m34.10 kB[39m[2m | [22m

[1mLazy chunk files[22m   [2m | [22m[1mNames[22m           [2m | [22m [1mRaw size[22m
[32mchunk-OYXUSICW.js[39m  [2m | [22m[2mstore-page[22m      [2m | [22m [36m47.79 kB[39m[2m | [22m
[32mchunk-2WD5MGZR.js[39m  [2m | [22m[2mecommerce-routes[22m[2m | [22m[36m344 bytes[39m[2m | [22m

Application bundle generation complete. [2.828 seconds] - 2026-05-08T08:00:32.324Z

Component update sent to client(s).
[33m>[39m Changes detected. Rebuilding...
[32m√[39m Changes detected. Rebuilding...
[1mInitial chunk files[22m[2m | [22m[1mNames[22m           [2m | [22m [1mRaw size[22m
[32mmain.js[39m            [2m | [22m[2mmain[22m            [2m | [22m [36m34.10 kB[39m[2m | [22m

[1mLazy chunk files[22m   [2m | [22m[1mNames[22m           [2m | [22m [1mRaw size[22m
[32mchunk-HTPGZP5M.js[39m  [2m | [22m[2mstore-page[22m      [2m | [22m [36m50.61 kB[39m[2m | [22m
[32mchunk-DHP62MJB.js[39m  [2m | [22m[2mecommerce-routes[22m[2m | [22m[36m344 bytes[39m[2m | [22m

Application bundle generation complete. [2.346 seconds] - 2026-05-08T08:01:24.569Z

Component update sent to client(s).
[33m>[39m Changes detected. Rebuilding...
[32m√[39m Changes detected. Rebuilding...
[1mInitial chunk files[22m[2m | [22m[1mNames[22m           [2m | [22m [1mRaw size[22m
[32mmain.js[39m            [2m | [22m[2mmain[22m            [2m | [22m [36m34.10 kB[39m[2m | [22m

[1mLazy chunk files[22m   [2m | [22m[1mNames[22m           [2m | [22m [1mRaw size[22m
[32mchunk-ZK2GOZBS.js[39m  [2m | [22m[2mstore-page[22m      [2m | [22m [36m50.80 kB[39m[2m | [22m
[32mchunk-PPZXBLT2.js[39m  [2m | [22m[2mecommerce-routes[22m[2m | [22m[36m344 bytes[39m[2m | [22m

Application bundle generation complete. [0.856 seconds] - 2026-05-08T09:02:43.730Z

Page reload sent to client(s).
[33m>[39m Changes detected. Rebuilding...
[32m√[39m Changes detected. Rebuilding...
[1mInitial chunk files[22m[2m | [22m[1mNames[22m           [2m | [22m [1mRaw size[22m
[32mmain.js[39m            [2m | [22m[2mmain[22m            [2m | [22m [36m34.10 kB[39m[2m | [22m

[1mLazy chunk files[22m   [2m | [22m[1mNames[22m           [2m | [22m [1mRaw size[22m
[32mchunk-6MMFDIMC.js[39m  [2m | [22m[2mstore-page[22m      [2m | [22m [36m57.63 kB[39m[2m | [22m
[32mchunk-W6WJKHPS.js[39m  [2m | [22m[2mecommerce-routes[22m[2m | [22m[36m344 bytes[39m[2m | [22m

Application bundle generation complete. [0.999 seconds] - 2026-05-08T09:03:01.140Z

Component update sent to client(s).
[33m>[39m Changes detected. Rebuilding...
[32m√[39m Changes detected. Rebuilding...
[1mInitial chunk files[22m[2m | [22m[1mNames[22m           [2m | [22m [1mRaw size[22m
[32mmain.js[39m            [2m | [22m[2mmain[22m            [2m | [22m [36m34.10 kB[39m[2m | [22m

[1mLazy chunk files[22m   [2m | [22m[1mNames[22m           [2m | [22m [1mRaw size[22m
[32mchunk-6JXCVO2O.js[39m  [2m | [22m[2mstore-page[22m      [2m | [22m [36m58.02 kB[39m[2m | [22m
[32mchunk-JXORBQ7F.js[39m  [2m | [22m[2mecommerce-routes[22m[2m | [22m[36m344 bytes[39m[2m | [22m

Application bundle generation complete. [1.057 seconds] - 2026-05-08T09:06:45.525Z

Component update sent to client(s).
[33m>[39m Changes detected. Rebuilding...
[32m√[39m Changes detected. Rebuilding...
[1mInitial chunk files[22m[2m | [22m[1mNames[22m           [2m | [22m [1mRaw size[22m
[32mmain.js[39m            [2m | [22m[2mmain[22m            [2m | [22m [36m34.10 kB[39m[2m | [22m

[1mLazy chunk files[22m   [2m | [22m[1mNames[22m           [2m | [22m [1mRaw size[22m
[32mchunk-UCIDCO2R.js[39m  [2m | [22m[2mstore-page[22m      [2m | [22m [36m59.24 kB[39m[2m | [22m
[32mchunk-4EWWYOID.js[39m  [2m | [22m[2mecommerce-routes[22m[2m | [22m[36m344 bytes[39m[2m | [22m

Application bundle generation complete. [0.791 seconds] - 2026-05-08T09:06:55.501Z

Component update sent to client(s).
[33m>[39m Changes detected. Rebuilding...
[32m√[39m Changes detected. Rebuilding...
[1mInitial chunk files[22m[2m | [22m[1mNames[22m           [2m | [22m [1mRaw size[22m
[32mmain.js[39m            [2m | [22m[2mmain[22m            [2m | [22m [36m34.10 kB[39m[2m | [22m

[1mLazy chunk files[22m   [2m | [22m[1mNames[22m           [2m | [22m [1mRaw size[22m
[32mchunk-DVV2JP3F.js[39m  [2m | [22m[2mstore-page[22m      [2m | [22m [36m58.66 kB[39m[2m | [22m
[32mchunk-JDD2NMAS.js[39m  [2m | [22m[2mecommerce-routes[22m[2m | [22m[36m344 bytes[39m[2m | [22m

Application bundle generation complete. [0.648 seconds] - 2026-05-08T09:07:31.180Z

Component update sent to client(s).
[33m>[39m Changes detected. Rebuilding...
[32m√[39m Changes detected. Rebuilding...
[1mInitial chunk files[22m[2m | [22m[1mNames[22m           [2m | [22m [1mRaw size[22m
[32mmain.js[39m            [2m | [22m[2mmain[22m            [2m | [22m [36m34.10 kB[39m[2m | [22m

[1mLazy chunk files[22m   [2m | [22m[1mNames[22m           [2m | [22m [1mRaw size[22m
[32mchunk-FLJMXLMR.js[39m  [2m | [22m[2mstore-page[22m      [2m | [22m [36m57.84 kB[39m[2m | [22m
[32mchunk-43GGCENV.js[39m  [2m | [22m[2mecommerce-routes[22m[2m | [22m[36m344 bytes[39m[2m | [22m

Application bundle generation complete. [0.660 seconds] - 2026-05-08T09:07:58.740Z

Component update sent to client(s).
[33m>[39m Changes detected. Rebuilding...
[32m√[39m Changes detected. Rebuilding...
[1mInitial chunk files[22m[2m | [22m[1mNames[22m           [2m | [22m [1mRaw size[22m
[32mmain.js[39m            [2m | [22m[2mmain[22m            [2m | [22m [36m34.10 kB[39m[2m | [22m

[1mLazy chunk files[22m   [2m | [22m[1mNames[22m           [2m | [22m [1mRaw size[22m
[32mchunk-RMGRMT7T.js[39m  [2m | [22m[2mstore-page[22m      [2m | [22m [36m54.99 kB[39m[2m | [22m
[32mchunk-7P6E6C2B.js[39m  [2m | [22m[2mecommerce-routes[22m[2m | [22m[36m344 bytes[39m[2m | [22m

Application bundle generation complete. [0.453 seconds] - 2026-05-08T09:09:44.442Z

Component update sent to client(s).
[33m>[39m Changes detected. Rebuilding...
[32m√[39m Changes detected. Rebuilding...
[1mInitial chunk files[22m[2m | [22m[1mNames[22m           [2m | [22m [1mRaw size[22m
[32mmain.js[39m            [2m | [22m[2mmain[22m            [2m | [22m [36m34.10 kB[39m[2m | [22m

[1mLazy chunk files[22m   [2m | [22m[1mNames[22m           [2m | [22m [1mRaw size[22m
[32mchunk-WXWAW5AB.js[39m  [2m | [22m[2mstore-page[22m      [2m | [22m [36m53.43 kB[39m[2m | [22m
[32mchunk-2CLLF7W6.js[39m  [2m | [22m[2mecommerce-routes[22m[2m | [22m[36m344 bytes[39m[2m | [22m

Application bundle generation complete. [0.880 seconds] - 2026-05-08T09:09:59.015Z

Component update sent to client(s).
[33m>[39m Changes detected. Rebuilding...
[32m√[39m Changes detected. Rebuilding...
[1mInitial chunk files[22m[2m | [22m[1mNames[22m           [2m | [22m [1mRaw size[22m
[32mmain.js[39m            [2m | [22m[2mmain[22m            [2m | [22m [36m34.10 kB[39m[2m | [22m

[1mLazy chunk files[22m   [2m | [22m[1mNames[22m           [2m | [22m [1mRaw size[22m
[32mchunk-R2ITS3GX.js[39m  [2m | [22m[2mstore-page[22m      [2m | [22m [36m53.92 kB[39m[2m | [22m
[32mchunk-LVCHIYTG.js[39m  [2m | [22m[2mecommerce-routes[22m[2m | [22m[36m344 bytes[39m[2m | [22m

Application bundle generation complete. [0.804 seconds] - 2026-05-08T09:12:27.323Z

Component update sent to client(s).
